#! c:/iverilog-x64/bin/vvp
:ivl_version "10.1 (stable)" "(v10_1_1)";
:ivl_delay_selection "TYPICAL";
:vpi_time_precision + 0;
:vpi_module "system";
:vpi_module "vhdl_sys";
:vpi_module "v2005_math";
:vpi_module "va_math";
:vpi_module "v2009";
S_0000000000fed6d0 .scope module, "testbench" "testbench" 2 1;
 .timescale 0 0;
v000000000112dec0_0 .var "clk", 0 0;
v000000000112df60_0 .net "contador", 7 0, v000000000112dce0_0;  1 drivers
v000000000103f8a0_0 .net "luces", 7 0, v000000000112dd80_0;  1 drivers
v000000000103f940_0 .var "reset", 0 0;
S_0000000000fed850 .scope module, "u1" "semaforo" 2 5, 3 1 0, S_0000000000fed6d0;
 .timescale 0 0;
    .port_info 0 /INPUT 1 "reset"
    .port_info 1 /INPUT 1 "clock"
    .port_info 2 /OUTPUT 8 "luces"
    .port_info 3 /OUTPUT 8 "contador"
v000000000112dc40_0 .net "clock", 0 0, v000000000112dec0_0;  1 drivers
v000000000112dce0_0 .var "contador", 7 0;
v000000000112dd80_0 .var "luces", 7 0;
v000000000112de20_0 .net "reset", 0 0, v000000000103f940_0;  1 drivers
E_0000000000feb080 .event posedge, v000000000112de20_0, v000000000112dc40_0;
    .scope S_0000000000fed850;
T_0 ;
    %wait E_0000000000feb080;
    %load/vec4 v000000000112de20_0;
    %flag_set/vec4 8;
    %jmp/0xz  T_0.0, 8;
    %pushi/vec4 0, 0, 8;
    %store/vec4 v000000000112dce0_0, 0, 8;
    %pushi/vec4 0, 0, 8;
    %store/vec4 v000000000112dd80_0, 0, 8;
    %jmp T_0.1;
T_0.0 ;
    %load/vec4 v000000000112dce0_0;
    %addi 1, 0, 8;
    %store/vec4 v000000000112dce0_0, 0, 8;
    %load/vec4 v000000000112dce0_0;
    %pad/u 32;
    %cmpi/u 15, 0, 32;
    %flag_or 5, 4;
    %jmp/0xz  T_0.2, 5;
    %pushi/vec4 129, 0, 8;
    %store/vec4 v000000000112dd80_0, 0, 8;
    %jmp T_0.3;
T_0.2 ;
    %pushi/vec4 15, 0, 32;
    %load/vec4 v000000000112dce0_0;
    %pad/u 32;
    %cmp/u;
    %flag_get/vec4 5;
    %load/vec4 v000000000112dce0_0;
    %pad/u 32;
    %cmpi/u 25, 0, 32;
    %flag_get/vec4 4;
    %flag_get/vec4 5;
    %or;
    %and;
    %flag_set/vec4 8;
    %jmp/0xz  T_0.4, 8;
    %pushi/vec4 130, 0, 8;
    %store/vec4 v000000000112dd80_0, 0, 8;
    %jmp T_0.5;
T_0.4 ;
    %pushi/vec4 25, 0, 32;
    %load/vec4 v000000000112dce0_0;
    %pad/u 32;
    %cmp/u;
    %flag_get/vec4 5;
    %load/vec4 v000000000112dce0_0;
    %pad/u 32;
    %cmpi/u 40, 0, 32;
    %flag_get/vec4 4;
    %flag_get/vec4 5;
    %or;
    %and;
    %flag_set/vec4 8;
    %jmp/0xz  T_0.6, 8;
    %pushi/vec4 36, 0, 8;
    %store/vec4 v000000000112dd80_0, 0, 8;
    %jmp T_0.7;
T_0.6 ;
    %pushi/vec4 40, 0, 32;
    %load/vec4 v000000000112dce0_0;
    %pad/u 32;
    %cmp/u;
    %flag_get/vec4 5;
    %load/vec4 v000000000112dce0_0;
    %pad/u 32;
    %cmpi/u 49, 0, 32;
    %flag_get/vec4 4;
    %flag_get/vec4 5;
    %or;
    %and;
    %flag_set/vec4 8;
    %jmp/0xz  T_0.8, 8;
    %pushi/vec4 68, 0, 8;
    %store/vec4 v000000000112dd80_0, 0, 8;
    %jmp T_0.9;
T_0.8 ;
    %pushi/vec4 49, 0, 32;
    %load/vec4 v000000000112dce0_0;
    %pad/u 32;
    %cmp/u;
    %jmp/0xz  T_0.10, 5;
    %pushi/vec4 0, 0, 8;
    %store/vec4 v000000000112dce0_0, 0, 8;
T_0.10 ;
T_0.9 ;
T_0.7 ;
T_0.5 ;
T_0.3 ;
T_0.1 ;
    %jmp T_0;
    .thread T_0;
    .scope S_0000000000fed6d0;
T_1 ;
    %vpi_call/w 2 8 "$display", "\012clk \011contador \011semaforo" {0 0 0};
    %vpi_call/w 2 9 "$monitor", "%b \011%d \011%b", v000000000112dec0_0, v000000000112df60_0, v000000000103f8a0_0 {0 0 0};
    %pushi/vec4 0, 0, 1;
    %store/vec4 v000000000112dec0_0, 0, 1;
    %delay 1, 0;
    %pushi/vec4 1, 0, 1;
    %store/vec4 v000000000103f940_0, 0, 1;
    %delay 1, 0;
    %pushi/vec4 0, 0, 1;
    %store/vec4 v000000000103f940_0, 0, 1;
    %end;
    .thread T_1;
    .scope S_0000000000fed6d0;
T_2 ;
    %delay 1, 0;
    %load/vec4 v000000000112dec0_0;
    %inv;
    %store/vec4 v000000000112dec0_0, 0, 1;
    %jmp T_2;
    .thread T_2;
    .scope S_0000000000fed6d0;
T_3 ;
    %delay 150, 0;
    %vpi_call/w 2 20 "$finish" {0 0 0};
    %end;
    .thread T_3;
# The file index is used to find the file name in the following table.
:file_names 4;
    "N/A";
    "<interactive>";
    "./testbench.v";
    "./semaforo.v";
